This file contains any messages produced by compilers while
running configure, to aid debugging if configure makes a mistake.

It was created by pm-utils configure 1.4.1, which was
generated by GNU Autoconf 2.66.  Invocation command line was

  $ ./configure CFLAGS=-m32 -march=i686 -mtune=i686

## --------- ##
## Platform. ##
## --------- ##

hostname = ba-sail-boyers-lnx
uname -m = x86_64
uname -r = 3.13.0-92-generic
uname -s = Linux
uname -v = #139-Ubuntu SMP Tue Jun 28 20:42:26 UTC 2016

/usr/bin/uname -p = unknown
/bin/uname -X     = unknown

/bin/arch              = unknown
/usr/bin/arch -k       = unknown
/usr/convex/getsysinfo = unknown
/usr/bin/hostinfo      = unknown
/bin/machine           = unknown
/usr/bin/oslevel       = unknown
/bin/universe          = unknown

PATH: /usr/local/sbin
PATH: /usr/local/bin
PATH: /usr/sbin
PATH: /usr/bin
PATH: /sbin
PATH: /bin
PATH: /usr/games
PATH: /usr/local/games


## ----------- ##
## Core tests. ##
## ----------- ##

configure:1800: checking for a BSD-compatible install
configure:1868: result: /usr/bin/install -c
configure:1879: checking whether build environment is sane
configure:1929: result: yes
configure:2070: checking for a thread-safe mkdir -p
configure:2109: result: /bin/mkdir -p
configure:2122: checking for gawk
configure:2138: found /usr/bin/gawk
configure:2149: result: gawk
configure:2160: checking whether make sets $(MAKE)
configure:2182: result: yes
configure:2313: checking for gcc
configure:2329: found /usr/bin/gcc
configure:2340: result: gcc
configure:2569: checking for C compiler version
configure:2578: gcc --version >&5
gcc (Ubuntu 4.8.4-2ubuntu1~14.04.3) 4.8.4
Copyright (C) 2013 Free Software Foundation, Inc.
This is free software; see the source for copying conditions.  There is NO
warranty; not even for MERCHANTABILITY or FITNESS FOR A PARTICULAR PURPOSE.

configure:2589: $? = 0
configure:2578: gcc -v >&5
Using built-in specs.
COLLECT_GCC=gcc
COLLECT_LTO_WRAPPER=/usr/lib/gcc/x86_64-linux-gnu/4.8/lto-wrapper
Target: x86_64-linux-gnu
Configured with: ../src/configure -v --with-pkgversion='Ubuntu 4.8.4-2ubuntu1~14.04.3' --with-bugurl=file:///usr/share/doc/gcc-4.8/README.Bugs --enable-languages=c,c++,java,go,d,fortran,objc,obj-c++ --prefix=/usr --program-suffix=-4.8 --enable-shared --enable-linker-build-id --libexecdir=/usr/lib --without-included-gettext --enable-threads=posix --with-gxx-include-dir=/usr/include/c++/4.8 --libdir=/usr/lib --enable-nls --with-sysroot=/ --enable-clocale=gnu --enable-libstdcxx-debug --enable-libstdcxx-time=yes --enable-gnu-unique-object --disable-libmudflap --enable-plugin --with-system-zlib --disable-browser-plugin --enable-java-awt=gtk --enable-gtk-cairo --with-java-home=/usr/lib/jvm/java-1.5.0-gcj-4.8-amd64/jre --enable-java-home --with-jvm-root-dir=/usr/lib/jvm/java-1.5.0-gcj-4.8-amd64 --with-jvm-jar-dir=/usr/lib/jvm-exports/java-1.5.0-gcj-4.8-amd64 --with-arch-directory=amd64 --with-ecj-jar=/usr/share/java/eclipse-ecj.jar --enable-objc-gc --enable-multiarch --disable-werror --with-arch-32=i686 --with-abi=m64 --with-multilib-list=m32,m64,mx32 --with-tune=generic --enable-checking=release --build=x86_64-linux-gnu --host=x86_64-linux-gnu --target=x86_64-linux-gnu
Thread model: posix
gcc version 4.8.4 (Ubuntu 4.8.4-2ubuntu1~14.04.3) 
configure:2589: $? = 0
configure:2578: gcc -V >&5
gcc: error: unrecognized command line option '-V'
gcc: fatal error: no input files
compilation terminated.
configure:2589: $? = 4
configure:2578: gcc -qversion >&5
gcc: error: unrecognized command line option '-qversion'
gcc: fatal error: no input files
compilation terminated.
configure:2589: $? = 4
configure:2609: checking whether the C compiler works
configure:2631: gcc -m32 -march=i686 -mtune=i686   conftest.c  >&5
configure:2635: $? = 0
configure:2683: result: yes
configure:2686: checking for C compiler default output file name
configure:2688: result: a.out
configure:2694: checking for suffix of executables
configure:2701: gcc -o conftest -m32 -march=i686 -mtune=i686   conftest.c  >&5
configure:2705: $? = 0
configure:2727: result: 
configure:2749: checking whether we are cross compiling
configure:2757: gcc -o conftest -m32 -march=i686 -mtune=i686   conftest.c  >&5
configure:2761: $? = 0
configure:2768: ./conftest
configure:2772: $? = 0
configure:2787: result: no
configure:2792: checking for suffix of object files
configure:2814: gcc -c -m32 -march=i686 -mtune=i686  conftest.c >&5
configure:2818: $? = 0
configure:2839: result: o
configure:2843: checking whether we are using the GNU C compiler
configure:2862: gcc -c -m32 -march=i686 -mtune=i686  conftest.c >&5
configure:2862: $? = 0
configure:2871: result: yes
configure:2880: checking whether gcc accepts -g
configure:2900: gcc -c -g  conftest.c >&5
configure:2900: $? = 0
configure:2941: result: yes
configure:2958: checking for gcc option to accept ISO C89
configure:3022: gcc  -c -m32 -march=i686 -mtune=i686  conftest.c >&5
configure:3022: $? = 0
configure:3035: result: none needed
configure:3066: checking for style of include used by make
configure:3094: result: GNU
configure:3119: checking dependency style of gcc
configure:3229: result: gcc3
configure:3244: checking whether ln -s works
configure:3248: result: yes
configure:3265: checking for xmlto
configure:3296: result: no
configure:3328: result: checking whether to build manpages... no
configure:3456: creating ./config.status

## ---------------------- ##
## Running config.status. ##
## ---------------------- ##

This file was extended by pm-utils config.status 1.4.1, which was
generated by GNU Autoconf 2.66.  Invocation command line was

  CONFIG_FILES    = 
  CONFIG_HEADERS  = 
  CONFIG_LINKS    = 
  CONFIG_COMMANDS = 
  $ ./config.status 

on ba-sail-boyers-lnx

config.status:848: creating Makefile
config.status:848: creating pm-utils.pc
config.status:848: creating man/Makefile
config.status:848: creating src/Makefile
config.status:848: creating pm/Makefile
config.status:848: creating pm/sleep.d/Makefile
config.status:848: creating pm/power.d/Makefile
config.status:848: creating pm/module.d/Makefile
config.status:848: creating config.h
config.status:1076: executing depfiles commands

## ---------------- ##
## Cache variables. ##
## ---------------- ##

ac_cv_c_compiler_gnu=yes
ac_cv_env_CC_set=
ac_cv_env_CC_value=
ac_cv_env_CFLAGS_set=set
ac_cv_env_CFLAGS_value='-m32 -march=i686 -mtune=i686'
ac_cv_env_CPPFLAGS_set=
ac_cv_env_CPPFLAGS_value=
ac_cv_env_LDFLAGS_set=
ac_cv_env_LDFLAGS_value=
ac_cv_env_LIBS_set=
ac_cv_env_LIBS_value=
ac_cv_env_build_alias_set=
ac_cv_env_build_alias_value=
ac_cv_env_host_alias_set=
ac_cv_env_host_alias_value=
ac_cv_env_target_alias_set=
ac_cv_env_target_alias_value=
ac_cv_objext=o
ac_cv_path_XMLTO=no
ac_cv_path_install='/usr/bin/install -c'
ac_cv_path_mkdir=/bin/mkdir
ac_cv_prog_AWK=gawk
ac_cv_prog_ac_ct_CC=gcc
ac_cv_prog_cc_c89=
ac_cv_prog_cc_g=yes
ac_cv_prog_make_make_set=yes
am_cv_CC_dependencies_compiler_type=gcc3

## ----------------- ##
## Output variables. ##
## ----------------- ##

ACLOCAL='${SHELL} /home/localadmin/Desktop/pm-utils-1.4.1/missing --run aclocal-1.11'
AMDEPBACKSLASH='\'
AMDEP_FALSE='#'
AMDEP_TRUE=''
AMTAR='${SHELL} /home/localadmin/Desktop/pm-utils-1.4.1/missing --run tar'
AUTOCONF='${SHELL} /home/localadmin/Desktop/pm-utils-1.4.1/missing --run autoconf'
AUTOHEADER='${SHELL} /home/localadmin/Desktop/pm-utils-1.4.1/missing --run autoheader'
AUTOMAKE='${SHELL} /home/localadmin/Desktop/pm-utils-1.4.1/missing --run automake-1.11'
AWK='gawk'
CC='gcc'
CCDEPMODE='depmode=gcc3'
CFLAGS='-m32 -march=i686 -mtune=i686'
CPPFLAGS=''
CYGPATH_W='echo'
DEFS='-DHAVE_CONFIG_H'
DEPDIR='.deps'
ECHO_C=''
ECHO_N='-n'
ECHO_T=''
EXEEXT=''
HAVE_XMLTO_FALSE=''
HAVE_XMLTO_TRUE='#'
INSTALL_DATA='${INSTALL} -m 644'
INSTALL_PROGRAM='${INSTALL}'
INSTALL_SCRIPT='${INSTALL}'
INSTALL_STRIP_PROGRAM='$(install_sh) -c -s'
LDFLAGS=''
LIBOBJS=''
LIBS=''
LN_S='ln -s'
LTLIBOBJS=''
MAKEINFO='${SHELL} /home/localadmin/Desktop/pm-utils-1.4.1/missing --run makeinfo'
MKDIR_P='/bin/mkdir -p'
OBJEXT='o'
PACKAGE='pm-utils'
PACKAGE_BUGREPORT=''
PACKAGE_NAME='pm-utils'
PACKAGE_STRING='pm-utils 1.4.1'
PACKAGE_TARNAME='pm-utils'
PACKAGE_URL=''
PACKAGE_VERSION='1.4.1'
PATH_SEPARATOR=':'
SET_MAKE=''
SHELL='/bin/bash'
STRIP=''
VERSION='1.4.1'
XMLTO='no'
ac_ct_CC='gcc'
am__EXEEXT_FALSE=''
am__EXEEXT_TRUE='#'
am__fastdepCC_FALSE='#'
am__fastdepCC_TRUE=''
am__include='include'
am__isrc=''
am__leading_dot='.'
am__quote=''
am__tar='${AMTAR} chof - "$$tardir"'
am__untar='${AMTAR} xf -'
bindir='${exec_prefix}/bin'
build_alias=''
datadir='${datarootdir}'
datarootdir='${prefix}/share'
docdir='${datarootdir}/doc/${PACKAGE_TARNAME}'
dvidir='${docdir}'
exec_prefix='${prefix}'
host_alias=''
htmldir='${docdir}'
includedir='${prefix}/include'
infodir='${datarootdir}/info'
install_sh='${SHELL} /home/localadmin/Desktop/pm-utils-1.4.1/install-sh'
libdir='${exec_prefix}/lib'
libexecdir='${exec_prefix}/libexec'
localedir='${datarootdir}/locale'
localstatedir='${prefix}/var'
mandir='${datarootdir}/man'
mkdir_p='/bin/mkdir -p'
oldincludedir='/usr/include'
pdfdir='${docdir}'
prefix='/usr/local'
program_transform_name='s,x,x,'
psdir='${docdir}'
sbindir='${exec_prefix}/sbin'
sharedstatedir='${prefix}/com'
sysconfdir='${prefix}/etc'
target_alias=''

## ----------- ##
## confdefs.h. ##
## ----------- ##

/* confdefs.h */
#define PACKAGE_NAME "pm-utils"
#define PACKAGE_TARNAME "pm-utils"
#define PACKAGE_VERSION "1.4.1"
#define PACKAGE_STRING "pm-utils 1.4.1"
#define PACKAGE_BUGREPORT ""
#define PACKAGE_URL ""
#define PACKAGE "pm-utils"
#define VERSION "1.4.1"

configure: exit 0
